  Bishop.cpp
  Board.cpp
C:\Users\feder\source\repos\Chess\Chess\Board.cpp(468,42): warning C4267: 'initializing': conversion from 'size_t' to 'int', possible loss of data
C:\Users\feder\source\repos\Chess\Chess\Board.cpp(781,36): warning C4267: 'initializing': conversion from 'size_t' to 'int', possible loss of data
  Chess.cpp
  Game.cpp
  King.cpp
  Knight.cpp
  Pawn.cpp
  Piece.cpp
  Player.cpp
  Position.cpp
  Queen.cpp
  Rook.cpp
  Generating Code...
C:\Users\feder\source\repos\Chess\Chess\Rook.cpp(58): warning C4715: 'Rook::PossibleMoves': not all control paths return a value
C:\Users\feder\source\repos\Chess\Chess\Queen.cpp(118): warning C4715: 'Queen::PossibleMoves': not all control paths return a value
C:\Users\feder\source\repos\Chess\Chess\Position.cpp(249): warning C4715: 'Position::Bump': not all control paths return a value
C:\Users\feder\source\repos\Chess\Chess\Board.cpp(368): warning C4715: 'Board::CanPieceMove': not all control paths return a value
  Chess.vcxproj -> C:\Users\feder\source\repos\Chess\x64\Debug\Chess.exe
